<?xml version="1.0" encoding="UTF-8"?>
<!-- Generated by org.testng.reporters.JUnitReportReporter -->
<testsuite hostname="ASUSTUF" failures="0" tests="2" name="com.training.sanity.tests.MxPayerLoginTests" time="1.272" errors="0" timestamp="2023-04-12T09:15:59 IST" skipped="0">
  <testcase classname="com.training.sanity.tests.MxPayerLoginTests" name="loginTest" time="0.824"/>
  <system-out/>
  <testcase classname="com.training.sanity.tests.MxPayerLoginTests" name="googleBtn" time="0.448"/>
  <system-out/>
</testsuite> <!-- com.training.sanity.tests.MxPayerLoginTests -->
